<?xml version="1.0" encoding="UTF-8"?>
<!-- Generated by org.testng.reporters.JUnitXMLReporter -->
<testsuite ignored="2" hostname="DESKTOP-PB84E63" failures="0" tests="4" name="test1" time="0.102" errors="0" timestamp="31 Jul 2023 10:26:27 GMT">
  <testcase classname="testngbasic.groups" name="test2" time="0.027"/>
  <testcase classname="testngbasic.groups" name="test3" time="0.003"/>
  <testcase classname="testngbasic.group1" name="test1" time="0.002"/>
  <testcase classname="testngbasic.group1" name="test2" time="0.002"/>
  <testcase classname="testngbasic.group1" name="test3" time="0.0">
    <ignored/>
  </testcase> <!-- test3 -->
  <testcase classname="testngbasic.groups" name="test1" time="0.0">
    <ignored/>
  </testcase> <!-- test1 -->
</testsuite> <!-- test1 -->
