<?xml version="1.0" encoding="UTF-8"?>
<testng-results ignored="2" total="6" passed="4" failed="0" skipped="0">
  <reporter-output>
  </reporter-output>
  <suite started-at="2023-07-31T10:26:27Z" name="Suite" finished-at="2023-07-31T10:26:27Z" duration-ms="102">
    <groups>
      <group name="functional">
        <method signature="groups.test2()[pri:0, instance:testngbasic.groups@7b420819]" name="test2" class="testngbasic.groups"/>
        <method signature="groups.test3()[pri:0, instance:testngbasic.groups@7b420819]" name="test3" class="testngbasic.groups"/>
      </group> <!-- functional -->
      <group name="regression">
        <method signature="group1.test2()[pri:0, instance:testngbasic.group1@7a1a14a4]" name="test2" class="testngbasic.group1"/>
        <method signature="groups.test3()[pri:0, instance:testngbasic.groups@7b420819]" name="test3" class="testngbasic.groups"/>
      </group> <!-- regression -->
      <group name="smoke">
        <method signature="group1.test1()[pri:0, instance:testngbasic.group1@7a1a14a4]" name="test1" class="testngbasic.group1"/>
        <method signature="groups.test2()[pri:0, instance:testngbasic.groups@7b420819]" name="test2" class="testngbasic.groups"/>
      </group> <!-- smoke -->
      <group name="sanity">
        <method signature="group1.test1()[pri:0, instance:testngbasic.group1@7a1a14a4]" name="test1" class="testngbasic.group1"/>
        <method signature="group1.test2()[pri:0, instance:testngbasic.group1@7a1a14a4]" name="test2" class="testngbasic.group1"/>
        <method signature="groups.test2()[pri:0, instance:testngbasic.groups@7b420819]" name="test2" class="testngbasic.groups"/>
      </group> <!-- sanity -->
    </groups>
    <test started-at="2023-07-31T10:26:27Z" name="test1" finished-at="2023-07-31T10:26:27Z" duration-ms="102">
      <class name="testngbasic.groups">
        <test-method signature="test2()[pri:0, instance:testngbasic.groups@7b420819]" started-at="2023-07-31T10:26:27Z" name="test2" finished-at="2023-07-31T10:26:27Z" duration-ms="27" status="PASS">
          <reporter-output>
          </reporter-output>
        </test-method> <!-- test2 -->
        <test-method signature="test3()[pri:0, instance:testngbasic.groups@7b420819]" started-at="2023-07-31T10:26:27Z" name="test3" finished-at="2023-07-31T10:26:27Z" duration-ms="3" status="PASS">
          <reporter-output>
          </reporter-output>
        </test-method> <!-- test3 -->
      </class> <!-- testngbasic.groups -->
      <class name="testngbasic.group1">
        <test-method signature="test1()[pri:0, instance:testngbasic.group1@7a1a14a4]" started-at="2023-07-31T10:26:27Z" name="test1" finished-at="2023-07-31T10:26:27Z" duration-ms="2" status="PASS">
          <reporter-output>
          </reporter-output>
        </test-method> <!-- test1 -->
        <test-method signature="test2()[pri:0, instance:testngbasic.group1@7a1a14a4]" started-at="2023-07-31T10:26:27Z" name="test2" finished-at="2023-07-31T10:26:27Z" duration-ms="2" status="PASS">
          <reporter-output>
          </reporter-output>
        </test-method> <!-- test2 -->
      </class> <!-- testngbasic.group1 -->
    </test> <!-- test1 -->
  </suite> <!-- Suite -->
</testng-results>
